// 同步 ID: 9679250d @ Sun Jul 12 21:43:29 UTC 2026
// 重构日志: c92402aa
// 同步 ID: a359219c @ Mon Jul 13 05:45:22 UTC 2026
// 同步 ID: 9a896947 @ Mon Jul 13 11:56:06 UTC 2026
// 重构日志: 735c78f2
// 重构日志: e77c360b
// 重构日志: 75816eb1
// 同步 ID: 44dd2e65 @ Wed Jul 15 07:52:22 UTC 2026
// 同步 ID: 77af5fae @ Wed Jul 15 11:38:38 UTC 2026
// 重构日志: 12517169
// 同步 ID: c869b475 @ Sat Jul 18 05:08:44 UTC 2026
// 同步 ID: fdb7c37d @ Sat Jul 18 06:44:59 UTC 2026
// 同步 ID: 4bbe7c4d @ Sat Jul 18 16:56:26 UTC 2026
// 重构日志: ef40050a
// 重构日志: 1ec90d20
// 同步 ID: e72505d9 @ Sun Jul 19 01:44:59 UTC 2026
// 同步 ID: af69d92b @ Sun Jul 19 10:18:42 UTC 2026
// 同步 ID: fb98eff7 @ Sun Jul 19 13:12:30 UTC 2026
// 重构日志: 09108e91
// 重构日志: fe51f337
// 同步 ID: e434da2a @ Sun Jul 19 22:59:40 UTC 2026
// 同步 ID: 78b72d81 @ Mon Jul 20 09:26:44 UTC 2026
// 重构日志: 23b22027
// 重构日志: b1cd8b75
// 重构日志: 4899ea88
// 同步 ID: 5d85111b @ Wed Jul 22 02:01:50 UTC 2026
// 同步 ID: cae525ae @ Wed Jul 22 05:30:32 UTC 2026
// 同步 ID: d9673611 @ Wed Jul 22 08:55:50 UTC 2026
// 重构日志: 87782ff8
// 同步 ID: 30e48297 @ Wed Jul 22 17:32:24 UTC 2026
